<?xml version="1.0" encoding="UTF-8"?>
<!-- Generated by org.testng.reporters.JUnitReportReporter -->
<testsuite hostname="Dell-Tamanna" name="org.testing.scripts.log" tests="1" failures="0" timestamp="29 Dec 2018 14:33:31 GMT" time="27.593" errors="0">
  <testcase name="setup" time="27.593" classname="org.testing.scripts.log"/>
</testsuite> <!-- org.testing.scripts.log -->
