<?xml version="1.0" encoding="UTF-8"?>
<!-- Generated by org.testng.reporters.JUnitReportReporter -->
<testsuite hostname="Dell-Tamanna" name="testing.mastbit.Base_Mastbit" tests="1" failures="0" timestamp="29 Dec 2018 10:17:00 GMT" time="13.356" errors="0">
  <testcase name="setup" time="13.356" classname="testing.mastbit.Base_Mastbit"/>
</testsuite> <!-- testing.mastbit.Base_Mastbit -->
